<?xml version="1.0" encoding="UTF-8"?>
<testsuites name="Mocha Tests" time="2.0880" tests="5" failures="0">
  <testsuite name="Root Suite" timestamp="2021-08-31T19:47:19" tests="0" file="cypress/integration/2-advanced-examples/querying.spec.js" time="0.0000" failures="0">
  </testsuite>
  <testsuite name="Querying" timestamp="2021-08-31T19:47:19" tests="5" time="2.0880" failures="0">
    <testcase name="Querying cy.get() - query DOM elements" time="0.6760" classname="cy.get() - query DOM elements">
    </testcase>
    <testcase name="Querying cy.contains() - query DOM elements with matching content" time="0.2220" classname="cy.contains() - query DOM elements with matching content">
    </testcase>
    <testcase name="Querying .within() - query DOM elements within a specific element" time="0.1870" classname=".within() - query DOM elements within a specific element">
    </testcase>
    <testcase name="Querying cy.root() - query the root DOM element" time="0.1830" classname="cy.root() - query the root DOM element">
    </testcase>
    <testcase name="Querying best practices - selecting elements" time="0.8200" classname="best practices - selecting elements">
    </testcase>
  </testsuite>
</testsuites>