<?xml version="1.0" encoding="UTF-8"?>
<testsuites name="Mocha Tests" time="1.9740" tests="8" failures="0">
  <testsuite name="Root Suite" timestamp="2021-08-31T19:45:44" tests="0" file="cypress/integration/2-advanced-examples/connectors.spec.js" time="0.0000" failures="0">
  </testsuite>
  <testsuite name="Connectors" timestamp="2021-08-31T19:45:44" tests="4" time="1.2000" failures="0">
    <testcase name="Connectors .each() - iterate over an array of elements" time="0.5690" classname=".each() - iterate over an array of elements">
    </testcase>
    <testcase name="Connectors .its() - get properties on the current subject" time="0.1920" classname=".its() - get properties on the current subject">
    </testcase>
    <testcase name="Connectors .invoke() - invoke a function on the current subject" time="0.2710" classname=".invoke() - invoke a function on the current subject">
    </testcase>
    <testcase name="Connectors .spread() - spread an array as individual args to callback function" time="0.1680" classname=".spread() - spread an array as individual args to callback function">
    </testcase>
  </testsuite>
  <testsuite name=".then()" timestamp="2021-08-31T19:45:46" tests="4" time="0.7740" failures="0">
    <testcase name="Connectors .then() invokes a callback function with the current subject" time="0.2340" classname="invokes a callback function with the current subject">
    </testcase>
    <testcase name="Connectors .then() yields the returned value to the next command" time="0.1920" classname="yields the returned value to the next command">
    </testcase>
    <testcase name="Connectors .then() yields the original subject without return" time="0.1650" classname="yields the original subject without return">
    </testcase>
    <testcase name="Connectors .then() yields the value yielded by the last Cypress command inside" time="0.1830" classname="yields the value yielded by the last Cypress command inside">
    </testcase>
  </testsuite>
</testsuites>