<?xml version="1.0" encoding="UTF-8"?>
<testsuites name="Mocha Tests" time="2.9110" tests="12" failures="1">
  <testsuite name="Root Suite" timestamp="2021-08-31T19:46:03" tests="0" file="cypress/integration/2-advanced-examples/cypress_api.spec.js" time="0.0000" failures="0">
  </testsuite>
  <testsuite name="Cypress.Commands" timestamp="2021-08-31T19:46:03" tests="1" time="0.6410" failures="0">
    <testcase name="Cypress.Commands .add() - create a custom command" time="0.6410" classname=".add() - create a custom command">
    </testcase>
  </testsuite>
  <testsuite name="Cypress.Cookies" timestamp="2021-08-31T19:46:04" tests="3" time="0.5860" failures="0">
    <testcase name="Cypress.Cookies .debug() - enable or disable debugging" time="0.2100" classname=".debug() - enable or disable debugging">
    </testcase>
    <testcase name="Cypress.Cookies .preserveOnce() - preserve cookies by key" time="0.2130" classname=".preserveOnce() - preserve cookies by key">
    </testcase>
    <testcase name="Cypress.Cookies .defaults() - set defaults for all cookies" time="0.1630" classname=".defaults() - set defaults for all cookies">
    </testcase>
  </testsuite>
  <testsuite name="Cypress.arch" timestamp="2021-08-31T19:46:05" tests="1" time="0.1750" failures="0">
    <testcase name="Cypress.arch Get CPU architecture name of underlying OS" time="0.1750" classname="Get CPU architecture name of underlying OS">
    </testcase>
  </testsuite>
  <testsuite name="Cypress.config()" timestamp="2021-08-31T19:46:05" tests="1" time="0.3980" failures="1">
    <testcase name="Cypress.config() Get and set configuration options" time="0.3980" classname="Get and set configuration options">
      <failure message="expected { Object (projectId, defaultCommandTimeout, ...) } to have property &apos;baseUrl&apos; of null, but got &apos;http://localhost:3000&apos;" type="AssertionError"><![CDATA[AssertionError: expected { Object (projectId, defaultCommandTimeout, ...) } to have property 'baseUrl' of null, but got 'http://localhost:3000'
    at Context.eval (https://example.cypress.io/__cypress/tests?p=cypress/integration/2-advanced-examples/cypress_api.spec.js:174:30)]]></failure>
    </testcase>
  </testsuite>
  <testsuite name="Cypress.dom" timestamp="2021-08-31T19:46:06" tests="1" time="0.1730" failures="0">
    <testcase name="Cypress.dom .isHidden() - determine if a DOM element is hidden" time="0.1730" classname=".isHidden() - determine if a DOM element is hidden">
    </testcase>
  </testsuite>
  <testsuite name="Cypress.env()" timestamp="2021-08-31T19:46:06" tests="1" time="0.1990" failures="0">
    <testcase name="Cypress.env() Get environment variables" time="0.1990" classname="Get environment variables">
    </testcase>
  </testsuite>
  <testsuite name="Cypress.log" timestamp="2021-08-31T19:46:07" tests="1" time="0.1840" failures="0">
    <testcase name="Cypress.log Control what is printed to the Command Log" time="0.1840" classname="Control what is printed to the Command Log">
    </testcase>
  </testsuite>
  <testsuite name="Cypress.platform" timestamp="2021-08-31T19:46:07" tests="1" time="0.1750" failures="0">
    <testcase name="Cypress.platform Get underlying OS name" time="0.1750" classname="Get underlying OS name">
    </testcase>
  </testsuite>
  <testsuite name="Cypress.version" timestamp="2021-08-31T19:46:07" tests="1" time="0.1970" failures="0">
    <testcase name="Cypress.version Get current version of Cypress being run" time="0.1970" classname="Get current version of Cypress being run">
    </testcase>
  </testsuite>
  <testsuite name="Cypress.spec" timestamp="2021-08-31T19:46:07" tests="1" time="0.1830" failures="0">
    <testcase name="Cypress.spec Get current spec information" time="0.1830" classname="Get current spec information">
    </testcase>
  </testsuite>
</testsuites>